------Start of DE processing------ = [23/10/2021 14:49:20:191 BRT]
Exception = com.ibm.wsspi.adaptable.module.UnableToAdaptException
Source = com.ibm.ws.webcontainer.osgi.WebContainer
probeid = createModuleMetaData
Stack Dump = com.ibm.wsspi.adaptable.module.UnableToAdaptException: SRVE9016E: Não é possível inserir o mapeamento [/go] para o servlet denominado [com.rest.webservice.Ui]. O padrão da URL já está definido para o servlet denominado [com.example.restful.demo.Ui].
	at com.ibm.ws.webcontainer.osgi.container.config.WebAppConfiguratorHelper.configureWebServletAnnotation(WebAppConfiguratorHelper.java:2701)
	at com.ibm.ws.webcontainer.osgi.container.config.WebAppConfiguratorHelper.configureServletAnnotation(WebAppConfiguratorHelper.java:2472)
	at com.ibm.ws.webcontainer.osgi.container.config.WebAppConfiguratorHelper.configureFromAnnotations(WebAppConfiguratorHelper.java:840)
	at com.ibm.ws.webcontainer.osgi.container.config.WebAppConfigurator.configure(WebAppConfigurator.java:461)
	at com.ibm.ws.webcontainer.osgi.container.config.WebAppConfigurationAdapter.adapt(WebAppConfigurationAdapter.java:119)
	at com.ibm.ws.webcontainer.osgi.container.config.WebAppConfigurationAdapter.adapt(WebAppConfigurationAdapter.java:43)
	at com.ibm.ws.adaptable.module.internal.AdapterFactoryServiceImpl.adapt(AdapterFactoryServiceImpl.java:200)
	at com.ibm.ws.adaptable.module.internal.AdaptableContainerImpl.adapt(AdaptableContainerImpl.java:174)
	at com.ibm.ws.webcontainer.osgi.WebContainer.createModuleMetaData(WebContainer.java:852)
	at com.ibm.ws.app.manager.module.internal.ModuleHandlerBase.createModuleMetaData(ModuleHandlerBase.java:63)
	at com.ibm.ws.app.manager.module.internal.SimpleDeployedAppInfoBase$ModuleContainerInfoBase.createModuleMetaData(SimpleDeployedAppInfoBase.java:189)
	at com.ibm.ws.app.manager.module.internal.SimpleDeployedAppInfoBase.preDeployApp(SimpleDeployedAppInfoBase.java:532)
	at com.ibm.ws.app.manager.module.internal.SimpleDeployedAppInfoBase.installApp(SimpleDeployedAppInfoBase.java:508)
	at com.ibm.ws.app.manager.module.internal.DeployedAppInfoBase.deployApp(DeployedAppInfoBase.java:349)
	at com.ibm.ws.app.manager.war.internal.WARApplicationHandlerImpl.install(WARApplicationHandlerImpl.java:65)
	at com.ibm.ws.app.manager.internal.statemachine.StartAction.execute(StartAction.java:149)
	at com.ibm.ws.app.manager.internal.statemachine.ApplicationStateMachineImpl.enterState(ApplicationStateMachineImpl.java:1352)
	at com.ibm.ws.app.manager.internal.statemachine.ApplicationStateMachineImpl.performAction(ApplicationStateMachineImpl.java:1217)
	at com.ibm.ws.app.manager.internal.statemachine.ApplicationStateMachineImpl.run(ApplicationStateMachineImpl.java:905)
	at com.ibm.ws.threading.internal.ExecutorServiceImpl$RunnableWrapper.run(ExecutorServiceImpl.java:238)
	at java.base/java.util.concurrent.ThreadPoolExecutor.runWorker(ThreadPoolExecutor.java:1128)
	at java.base/java.util.concurrent.ThreadPoolExecutor$Worker.run(ThreadPoolExecutor.java:628)
	at java.base/java.lang.Thread.run(Thread.java:829)

Dump of callerThis
Object type = [Ljava.lang.Object;
  Object[0] = class com.ibm.ws.app.manager.module.internal.WebModuleInfoImpl@6251dd99
    contextRoot = "/"
    isDefaultContextRootUsed = false
    defaultContextRoot = "webservice"
    serialVersionUID = -6699247856069243844
    $$$tc$$$ = class com.ibm.websphere.ras.TraceComponent@331a92ff
      strings[0] = "TraceComponent[com.ibm.ws.app.manager.module.internal.WebModuleInfoImpl,class com.ibm.ws.app.manager.module.internal.WebModuleInfoImpl,[applications, app.manager],null,null]"
    tc = class com.ibm.websphere.ras.TraceComponent@220173bb
      strings[0] = "TraceComponent[com.ibm.ws.app.manager.module.internal.ExtendedModuleInfoImpl,class com.ibm.ws.app.manager.module.internal.ExtendedModuleInfoImpl,[app.manager],com.ibm.ws.app.manager.module.internal.resources.Messages,null]"
    appInfo = class com.ibm.ws.container.service.app.deploy.internal.ApplicationInfoImpl@1c96cc07
      appName = "webservice"
      appMetaData = class com.ibm.ws.container.service.app.deploy.internal.ApplicationMetaDataImpl@3cabdc90
      appContainer = class com.ibm.ws.adaptable.module.internal.AdaptableContainerImpl@59d8d61d
      configHelper = class com.ibm.ws.app.manager.module.ApplicationNestedConfigHelper@744779db
      applicationInformation = class com.ibm.ws.app.manager.internal.ApplicationInstallInfo@24543d83
      serialVersionUID = 5227817860647895780
      $$$tc$$$ = class com.ibm.websphere.ras.TraceComponent@34f5ce07
    moduleName = "webservice"
    path = "webservice.war"
    moduleContainer = class com.ibm.ws.adaptable.module.internal.AdaptableContainerImpl@59d8d61d
      root = class com.ibm.ws.adaptable.module.internal.AdaptableContainerImpl@59d8d61d
      rootOverlay = class com.ibm.ws.artifact.overlay.internal.DirectoryBasedOverlayContainerImpl@10241407
      factoryHolder = class com.ibm.ws.adaptable.module.internal.AdaptableModuleFactoryImpl@121042d6
      delegate = class com.ibm.ws.artifact.overlay.internal.DirectoryBasedOverlayContainerImpl@10241407
      notifier = class com.ibm.ws.adaptable.module.internal.NotifierImpl@58b2c410
      serialVersionUID = -5950528200509051684
      $$$tc$$$ = class com.ibm.websphere.ras.TraceComponent@c0dd979
    altDDEntry = null
    moduleClassesContainers = class java.util.ArrayList@fce0f40
      serialVersionUID = "/* Could not access serialVersionUID */"
      DEFAULT_CAPACITY = "/* Could not access DEFAULT_CAPACITY */"
      EMPTY_ELEMENTDATA = "/* Could not access EMPTY_ELEMENTDATA */"
      DEFAULTCAPACITY_EMPTY_ELEMENTDATA = "/* Could not access DEFAULTCAPACITY_EMPTY_ELEMENTDATA */"
      elementData = "/* Could not access elementData */"
      size = "/* Could not access size */"
      MAX_ARRAY_SIZE = "/* Could not access MAX_ARRAY_SIZE */"
      modCount = "/* Could not access modCount */"
      MAX_ARRAY_SIZE = "/* Could not access MAX_ARRAY_SIZE */"
    classLoaderFactory = class com.ibm.ws.app.manager.war.internal.WARDeployedAppInfo@51681326
      CONTEXT_ROOT = "context-root"
      webContainerModuleInfo = class com.ibm.ws.app.manager.module.internal.SimpleDeployedAppInfoBase$WebModuleContainerInfo@1cbeb5b
      DYNAMIC_IMPORT_PACKAGE_LIST = class java.util.Collections$UnmodifiableRandomAccessList@4f972d36
      serialVersionUID = 6176035338244935179
      $$$tc$$$ = class com.ibm.websphere.ras.TraceComponent@17dec0ec
      _tc = class com.ibm.websphere.ras.TraceComponent@68cd2943
      PERMISSION_XML = "permissions.xml"
      applicationInformation = class com.ibm.ws.app.manager.internal.ApplicationInstallInfo@24543d83
      location = "/home/meridiane/Documentos/Dados/webservice/target/liberty/wlp/usr/servers/webservice/apps/webservice.war.xml"
      classLoadingService = class com.ibm.ws.classloading.internal.ClassLoadingServiceImpl@103fc867
      globalSharedLibrary = class com.ibm.ws.library.internal.SharedLibraryImpl@69f14009
      sharedLibDeploymentInfo = class com.ibm.ws.app.manager.module.internal.DeployedAppInfoBase$SharedLibDeploymentInfo@37beff5f
      configAdmin = class com.ibm.ws.config.admin.internal.ConfigurationAdminImpl@41b69a03
      libraryConfigHelper = class com.ibm.ws.classloading.ClassLoaderConfigHelper@2fa40ea2
      isDelegateLast = false
      permissionManager = class com.ibm.ws.classloading.java2sec.PermissionManager@cb2b889
      permissionsConfig = null
      serialVersionUID = 1131686356392279747
      appInfo = class com.ibm.ws.container.service.app.deploy.internal.ApplicationInfoImpl@1c96cc07
      appInfoRegistration = null
      modulesDeployed = class java.util.ArrayList@79a15d9e
      starting = false
      started = false
      deployedAppServices = class com.ibm.ws.app.manager.module.internal.DeployedAppServicesImpl@76ff9d16
      futureMonitor = class com.ibm.ws.threading.internal.FutureMonitorImpl@6a8c8ed0
      appInfoFactory = class com.ibm.ws.container.service.app.deploy.internal.ApplicationInfoFactoryImpl@da0fdc4
      metaDataService = class com.ibm.ws.container.service.metadata.internal.MetaDataServiceImpl@2b977d4
      stateChangeService = class com.ibm.ws.container.service.state.internal.StateChangeServiceImpl@144f6a09
      moduleClassesInfo = class com.ibm.ws.app.manager.module.internal.SimpleDeployedAppInfoBase$ModuleClassesInfoProvider@677188b3
      moduleContainerInfos = class java.util.ArrayList@6d6cbe66
      activeModuleHandlers = class java.util.IdentityHashMap@67a820d2
      serialVersionUID = -2685719801501752993
      $$$tc$$$ = class com.ibm.websphere.ras.TraceComponent@1504f197
    containerInfoType = class com.ibm.ws.container.service.app.deploy.ContainerInfo$Type@3f1b2227
      MANIFEST_CLASSPATH = class com.ibm.ws.container.service.app.deploy.ContainerInfo$Type@7f1825e
      WEB_INF_CLASSES = class com.ibm.ws.container.service.app.deploy.ContainerInfo$Type@4ab4e12e
      WEB_INF_LIB = class com.ibm.ws.container.service.app.deploy.ContainerInfo$Type@1d835b04
      EAR_LIB = class com.ibm.ws.container.service.app.deploy.ContainerInfo$Type@3dfc72ca
      WEB_MODULE = class com.ibm.ws.container.service.app.deploy.ContainerInfo$Type@3f1b2227
      EJB_MODULE = class com.ibm.ws.container.service.app.deploy.ContainerInfo$Type@3694e459
      CLIENT_MODULE = class com.ibm.ws.container.service.app.deploy.ContainerInfo$Type@5bc4de34
      RAR_MODULE = class com.ibm.ws.container.service.app.deploy.ContainerInfo$Type@5c98f533
      JAR_MODULE = class com.ibm.ws.container.service.app.deploy.ContainerInfo$Type@22cb648
      SHARED_LIB = class com.ibm.ws.container.service.app.deploy.ContainerInfo$Type@138b3c78
      $VALUES = class com.ibm.ws.container.service.app.deploy.ContainerInfo$Type[10]
      name = "/* Could not access name */"
      ordinal = "/* Could not access ordinal */"
    classLoader = class com.ibm.ws.classloading.internal.AppClassLoader@41dd047c
      tc = class com.ibm.websphere.ras.TraceComponent@28bd25a1
      disableSharedClassesCache = false
      PARENT_FIRST_SEARCH_ORDER = class java.util.Collections$UnmodifiableRandomAccessList@2dc49280
      packagesDefined = class java.util.Collections$SetFromMap@74d7a5e3
      CLASS_LOADING_TRACE_PREFIX = "com.ibm.ws.class.load."
      DEFAULT_PACKAGE = "default.package"
      perPackageClassLoadingTraceComponents = class java.util.concurrent.ConcurrentHashMap@445f0aac
      config = class com.ibm.ws.classloading.internal.ClassLoaderConfigurationImpl@43b86e0e
      privateLibraries = null
      delegateLoaders = class com.ibm.ws.classloading.internal.util.CompositeIterable@4ae1a46b
      nativeLibraryFiles = class java.util.ArrayList@3d0e869
      transformers = class java.util.ArrayList@3fe698d5
      apiAccess = class com.ibm.ws.classloading.internal.GatewayClassLoader@3221be90
      generator = class com.ibm.ws.classloading.internal.ClassGeneratorManager@3fae5939
      protectionDomains = class java.util.concurrent.ConcurrentHashMap@782b605b
      parent = class com.ibm.ws.classloading.internal.GatewayClassLoader@3221be90
      hook = null
      serialVersionUID = 8734164900246230615
      tc = class com.ibm.websphere.ras.TraceComponent@2c035f32
      smartClassPath = class com.ibm.ws.classloading.internal.ContainerClassLoader$SmartClassPathImpl@7cbc5c97
      nativeLibraryContainers = class java.util.ArrayList@771743e5
      redefiner = class com.ibm.ws.classloading.internal.util.ClassRedefiner@3a3dabaf
      jarProtocol = "wsjar:"
      mapCreationQueue = class java.util.concurrent.Executors$FinalizableDelegatedExecutorService@19372d0b
      serialVersionUID = 6399598832433768509
      serialVersionUID = 1837293532091806117
      $$$tc$$$ = class com.ibm.websphere.ras.TraceComponent@259a8aa1
      serialVersionUID = -4586727107834513475
      $$$tc$$$ = class com.ibm.websphere.ras.TraceComponent@b66714a
      serialVersionUID = -7709588811276454856
      $$$tc$$$ = class com.ibm.websphere.ras.TraceComponent@2eac4d3b
      initialized = "/* Could not access initialized */"
      pdcache = "/* Could not access pdcache */"
      parent = "/* Could not access parent */"
      name = "/* Could not access name */"
      unnamedModule = "/* Could not access unnamedModule */"
      nameAndId = "/* Could not access nameAndId */"
      parallelLockMap = "/* Could not access parallelLockMap */"
      package2certs = "/* Could not access package2certs */"
      nocerts = "/* Could not access nocerts */"
      classes = "/* Could not access classes */"
      defaultDomain = "/* Could not access defaultDomain */"
      packages = "/* Could not access packages */"
      scl = "/* Could not access scl */"
      usr_paths = "/* Could not access usr_paths */"
      sys_paths = "/* Could not access sys_paths */"
      loadedLibraryNames = "/* Could not access loadedLibraryNames */"
      systemNativeLibraries = "/* Could not access systemNativeLibraries */"
      nativeLibraries = "/* Could not access nativeLibraries */"
      assertionLock = "/* Could not access assertionLock */"
      defaultAssertionStatus = "/* Could not access defaultAssertionStatus */"
      packageAssertionStatus = "/* Could not access packageAssertionStatus */"
      classAssertionStatus = "/* Could not access classAssertionStatus */"
      classLoaderValueMap = "/* Could not access classLoaderValueMap */"
      $assertionsDisabled = "/* Could not access $assertionsDisabled */"
    moduleMetaData = null
    nestedModuleMetaDataTypes = null
    nestedModuleMetaDataValues = null
    serialVersionUID = 3986734351620206554
  Object[1] = class com.ibm.ws.webcontainer.osgi.WebContainer@586aa843
    tc = class com.ibm.websphere.ras.TraceComponent@531cfd88
      strings[0] = "TraceComponent[com.ibm.ws.webcontainer.osgi.WebContainer,class com.ibm.ws.webcontainer.osgi.WebContainer,[webcontainer],com.ibm.ws.webcontainer.resources.LShimMessages,null]"
    CLASS_NAME = "com.ibm.ws.webcontainer.osgi.WebContainer"
    initialized = true
    eventService = class com.ibm.ws.event.internal.EventEngineImpl@15473737
      tc = class com.ibm.websphere.ras.TraceComponent@4a5b22cd
      OSGI_EVENT_HANDLER_REFERENCE_NAME = "OsgiEventHandler"
      WS_EVENT_HANDLER_REFERENCE_NAME = "WsEventHandler"
      CFG_KEY_REENTRANT_HANDLER_DEFAULT = "reentrant.handler.default"
      CFG_KEY_STAGE_PREFIX = "stage.topics."
      topicCache = class com.ibm.ws.event.internal.TopicBasedCache@7d32e005
      componentContext = class org.apache.felix.scr.impl.manager.ComponentContextImpl@7f940fc4
      bundleContext = class org.eclipse.osgi.internal.framework.BundleContextImpl@2a16be4
      logService = class org.eclipse.osgi.internal.log.ExtendedLogServiceImpl@61044a37
      frameworkEventAdapter = class com.ibm.ws.event.internal.adapter.FrameworkEventAdapter@40582c6f
      bundleEventAdapter = class com.ibm.ws.event.internal.adapter.BundleEventAdapter@2a80cea9
      serviceEventAdapter = class com.ibm.ws.event.internal.adapter.ServiceEventAdapter@75b50e12
      executorServiceFactory = class com.ibm.ws.event.internal.WorkStageExecutorServiceFactory@36a3b761
      defaultReentrancy = true
      skipSchedule = false
      serialVersionUID = -3714378010555321089
    futureMonitor = class com.ibm.ws.threading.internal.FutureMonitorImpl@6a8c8ed0
      _monitor = class java.util.concurrent.ConcurrentLinkedQueue@5ff8b472
      _executor = class com.ibm.ws.threading.internal.ScheduledExecutorImpl@35cbbf78
      _threadRunning = class java.util.concurrent.atomic.AtomicBoolean@398eaab7
      _thread = class com.ibm.ws.threading.internal.FutureMonitorImpl$1@38983876
      serialVersionUID = 2765238413969174390
      $$$tc$$$ = class com.ibm.websphere.ras.TraceComponent@5bd864be
    classLoadingSRRef = class com.ibm.wsspi.kernel.service.utils.AtomicServiceReference@7bec5184
      referenceName = "classLoadingService"
      tuple = class java.util.concurrent.atomic.AtomicReference@942c3fa
      serialVersionUID = 2226592364007985000
      $$$tc$$$ = class com.ibm.websphere.ras.TraceComponent@5266dd35
    sessionHelperSRRef = class com.ibm.wsspi.kernel.service.utils.AtomicServiceReference@1d805ec4
      referenceName = "sessionHelper"
      tuple = class java.util.concurrent.atomic.AtomicReference@756924c5
      serialVersionUID = 2226592364007985000
      $$$tc$$$ = class com.ibm.websphere.ras.TraceComponent@5266dd35
    cacheManagerSRRef = class com.ibm.wsspi.kernel.service.utils.AtomicServiceReference@31523ccc
      referenceName = "cacheManager"
      tuple = class java.util.concurrent.atomic.AtomicReference@6d095578
      serialVersionUID = 2226592364007985000
      $$$tc$$$ = class com.ibm.websphere.ras.TraceComponent@5266dd35
    injectionEngineSRRef = class com.ibm.wsspi.kernel.service.utils.AtomicServiceReference@3fa6de38
      referenceName = "injectionEngine"
      tuple = class java.util.concurrent.atomic.AtomicReference@224f60a3
      serialVersionUID = 2226592364007985000
      $$$tc$$$ = class com.ibm.websphere.ras.TraceComponent@5266dd35
    managedObjectServiceSRRef = class com.ibm.wsspi.kernel.service.utils.AtomicServiceReference@265fd839
      referenceName = "managedObjectService"
      tuple = class java.util.concurrent.atomic.AtomicReference@3a483247
      serialVersionUID = 2226592364007985000
      $$$tc$$$ = class com.ibm.websphere.ras.TraceComponent@5266dd35
    backgroundWebAppStartFutures = class com.ibm.ws.webcontainer.util.OneTimeUseArrayList@39b6d448
      enabled = true
      runnables = class java.util.ArrayList@14ff022e
    REFERENCE_WEB_MBEAN_RUNTIME = "webMBeanRuntime"
    webMBeanRuntimeServiceRef = class com.ibm.wsspi.kernel.service.utils.AtomicServiceReference@19222bee
      referenceName = "webMBeanRuntime"
      tuple = class java.util.concurrent.atomic.AtomicReference@2dae5b38
      serialVersionUID = 2226592364007985000
      $$$tc$$$ = class com.ibm.websphere.ras.TraceComponent@5266dd35
    servletContainerInitializers = class com.ibm.wsspi.kernel.service.utils.ConcurrentServiceReferenceSet@10fc71ec
      referenceName = "servletContainerInitializers"
      contextRef = class java.util.concurrent.atomic.AtomicReference@7a164658
      elementMap = class java.util.LinkedHashMap@3acd51c9
      elementSet = class java.util.concurrent.ConcurrentSkipListSet@2d70c57c
      elementSetUnsorted = false
      serialVersionUID = 756240983881166148
      $$$tc$$$ = class com.ibm.websphere.ras.TraceComponent@5cc61cf6
    es = class com.ibm.ws.threading.internal.ExecutorServiceImpl@48bafdda
      threadPool = class java.util.concurrent.ThreadPoolExecutor@22d95033
      threadPoolController = class com.ibm.ws.threading.internal.ThreadPoolController@4a810b6f
      poolName = "Default Executor"
      MINIMUM_POOL_SIZE = 4
      componentConfig = class org.apache.felix.scr.impl.helper.ReadOnlyDictionary@616db9a
      interceptorsActive = false
      interceptors = class java.util.concurrent.CopyOnWriteArraySet@7f3418a6
      threadFactory = null
      serverStopping = false
      phaser = class java.util.concurrent.Phaser@170497bb
      serialVersionUID = 6930666794455919448
      $$$tc$$$ = class com.ibm.websphere.ras.TraceComponent@3a44fcf8
    locationServiceRef = class java.util.concurrent.atomic.AtomicReference@47a16411
      serialVersionUID = "/* Could not access serialVersionUID */"
      VALUE = "/* Could not access VALUE */"
      value = "/* Could not access value */"
    transferContextServiceRef = class com.ibm.wsspi.kernel.service.utils.ConcurrentServiceReferenceSet@4f545a50
      referenceName = "transferService"
      contextRef = class java.util.concurrent.atomic.AtomicReference@7f76e918
      elementMap = class java.util.LinkedHashMap@54d165f0
      elementSet = class java.util.concurrent.ConcurrentSkipListSet@1d9912cf
      elementSetUnsorted = false
      serialVersionUID = 756240983881166148
      $$$tc$$$ = class com.ibm.websphere.ras.TraceComponent@5cc61cf6
    encodingServiceRef = class java.util.concurrent.atomic.AtomicReference@3cd43147
      serialVersionUID = "/* Could not access serialVersionUID */"
      VALUE = "/* Could not access VALUE */"
      value = "/* Could not access value */"
    instance = class java.util.concurrent.atomic.AtomicReference@239f5f2a
      serialVersionUID = "/* Could not access serialVersionUID */"
      VALUE = "/* Could not access VALUE */"
      value = "/* Could not access value */"
    vhostManager = class com.ibm.ws.webcontainer.osgi.DynamicVirtualHostManager@6fd226a4
      tc = class com.ibm.websphere.ras.TraceComponent@681b8b32
      hostMap = class java.util.concurrent.ConcurrentHashMap@3799ce8e
      transportMap = class java.util.concurrent.ConcurrentHashMap@1b40ab52
      locationService = class com.ibm.ws.kernel.service.location.internal.WsLocationAdminImpl@46d8e3b6
      schedExecutor = class com.ibm.ws.threading.internal.ScheduledExecutorImpl@35cbbf78
      pluginCfgVhostUris = class java.util.HashMap@6d6b5cb3
      PLUGIN_CFG = "plugin-cfg.xml"
    metaDataService = class com.ibm.ws.container.service.metadata.internal.MetaDataServiceImpl@2b977d4
      applicationMetaDataManager = class com.ibm.ws.container.service.metadata.internal.ApplicationMetaDataManager@3d88b881
      moduleMetaDataManager = class com.ibm.ws.container.service.metadata.internal.ModuleMetaDataManager@6f072d0a
      componentMetaDataManager = class com.ibm.ws.container.service.metadata.internal.ComponentMetaDataManager@14a6f0a7
      methodMetaDataManager = class com.ibm.ws.container.service.metadata.internal.MethodMetaDataManager@b64bcda
      appModuleNameToModuleContainer = class java.util.concurrent.ConcurrentHashMap@73505187
      jeeNameToComponentMetaData = class java.util.concurrent.ConcurrentHashMap@25695d9a
      deferredMetaDataFactories = class com.ibm.wsspi.kernel.service.utils.ConcurrentServiceReferenceSet@669a258
      deferredMetaDataInitializers = class com.ibm.wsspi.kernel.service.utils.ConcurrentServiceReferenceMap@28455c23
      serialVersionUID = -2494605732980966097
      $$$tc$$$ = class com.ibm.websphere.ras.TraceComponent@469a3e2b
    j2eeNameFactory = class com.ibm.ws.container.service.metadata.internal.J2EENameFactoryImpl@1ffa30cd
      serialVersionUID = 3486344295038028821
      $$$tc$$$ = class com.ibm.websphere.ras.TraceComponent@39104d14
    context = class org.apache.felix.scr.impl.manager.ComponentContextImpl@46c54a17
      m_componentManager = class org.apache.felix.scr.impl.manager.SingleComponentManager@8d8010c
      edgeInfos = class org.apache.felix.scr.impl.manager.EdgeInfo[27]
      m_componentInstance = class org.apache.felix.scr.impl.manager.ComponentContextImpl$ComponentInstanceImpl@6b90293c
      m_usingBundle = class org.eclipse.osgi.internal.framework.EquinoxBundle@5695b65d
      m_serviceRegistration = class org.eclipse.osgi.internal.serviceregistry.ServiceRegistrationImpl@4c0883aa
      m_implementationObject = class com.ibm.ws.webcontainer.osgi.WebContainer@586aa843
      m_implementationAccessible = true
      accessibleLatch = class java.util.concurrent.CountDownLatch@4d983a2c
      serviceObjectsHelper = class org.apache.felix.scr.impl.helper.ComponentServiceObjectsHelper@50092f2
      boundValues = null
    contextRoots = class java.util.Collections$SynchronizedSet@38dcb36d
      serialVersionUID = "/* Could not access serialVersionUID */"
      serialVersionUID = "/* Could not access serialVersionUID */"
      c = "/* Could not access c */"
      mutex = "/* Could not access mutex */"
    pendingContextRoots = class java.util.HashMap@71926475
      serialVersionUID = "/* Could not access serialVersionUID */"
      DEFAULT_INITIAL_CAPACITY = "/* Could not access DEFAULT_INITIAL_CAPACITY */"
      MAXIMUM_CAPACITY = "/* Could not access MAXIMUM_CAPACITY */"
      DEFAULT_LOAD_FACTOR = "/* Could not access DEFAULT_LOAD_FACTOR */"
      TREEIFY_THRESHOLD = "/* Could not access TREEIFY_THRESHOLD */"
      UNTREEIFY_THRESHOLD = "/* Could not access UNTREEIFY_THRESHOLD */"
      MIN_TREEIFY_CAPACITY = "/* Could not access MIN_TREEIFY_CAPACITY */"
      table = "/* Could not access table */"
      entrySet = "/* Could not access entrySet */"
      size = "/* Could not access size */"
      modCount = "/* Could not access modCount */"
      threshold = "/* Could not access threshold */"
      loadFactor = "/* Could not access loadFactor */"
      keySet = "/* Could not access keySet */"
      values = "/* Could not access values */"
    deployedModuleMap = class java.util.concurrent.ConcurrentHashMap@3fa04ed2
      serialVersionUID = "/* Could not access serialVersionUID */"
      MAXIMUM_CAPACITY = "/* Could not access MAXIMUM_CAPACITY */"
      DEFAULT_CAPACITY = "/* Could not access DEFAULT_CAPACITY */"
      MAX_ARRAY_SIZE = "/* Could not access MAX_ARRAY_SIZE */"
      DEFAULT_CONCURRENCY_LEVEL = "/* Could not access DEFAULT_CONCURRENCY_LEVEL */"
      LOAD_FACTOR = "/* Could not access LOAD_FACTOR */"
      TREEIFY_THRESHOLD = "/* Could not access TREEIFY_THRESHOLD */"
      UNTREEIFY_THRESHOLD = "/* Could not access UNTREEIFY_THRESHOLD */"
      MIN_TREEIFY_CAPACITY = "/* Could not access MIN_TREEIFY_CAPACITY */"
      MIN_TRANSFER_STRIDE = "/* Could not access MIN_TRANSFER_STRIDE */"
      RESIZE_STAMP_BITS = "/* Could not access RESIZE_STAMP_BITS */"
      MAX_RESIZERS = "/* Could not access MAX_RESIZERS */"
      RESIZE_STAMP_SHIFT = "/* Could not access RESIZE_STAMP_SHIFT */"
      MOVED = "/* Could not access MOVED */"
      TREEBIN = "/* Could not access TREEBIN */"
      RESERVED = "/* Could not access RESERVED */"
      HASH_BITS = "/* Could not access HASH_BITS */"
      NCPU = "/* Could not access NCPU */"
      serialPersistentFields = "/* Could not access serialPersistentFields */"
      table = "/* Could not access table */"
      nextTable = "/* Could not access nextTable */"
      baseCount = "/* Could not access baseCount */"
      sizeCtl = "/* Could not access sizeCtl */"
      transferIndex = "/* Could not access transferIndex */"
      cellsBusy = "/* Could not access cellsBusy */"
      counterCells = "/* Could not access counterCells */"
      keySet = "/* Could not access keySet */"
      values = "/* Could not access values */"
      entrySet = "/* Could not access entrySet */"
      U = "/* Could not access U */"
      SIZECTL = "/* Could not access SIZECTL */"
      TRANSFERINDEX = "/* Could not access TRANSFERINDEX */"
      BASECOUNT = "/* Could not access BASECOUNT */"
      CELLSBUSY = "/* Could not access CELLSBUSY */"
      CELLVALUE = "/* Could not access CELLVALUE */"
      ABASE = "/* Could not access ABASE */"
      ASHIFT = "/* Could not access ASHIFT */"
      keySet = "/* Could not access keySet */"
      values = "/* Could not access values */"
    connContextPool = class com.ibm.ws.webcontainer40.osgi.srt.factory.SRTConnectionContextPool40Impl@53d92ec3
      head = class java.lang.ThreadLocal@f245750
      serialVersionUID = 1328956725011480048
      $$$tc$$$ = class com.ibm.websphere.ras.TraceComponent@65cb8bf6
    DEFAULT_PORT = "*"
    DEFAULT_VHOST_NAME = "default_host"
    cachedServerInfo = "IBM WebSphere Liberty/21.0.0.10"
    lock = class com.ibm.ws.webcontainer.osgi.WebContainer$1@e43a80e
      this$0 = class com.ibm.ws.webcontainer.osgi.WebContainer@586aa843
    webAppFactory = class com.ibm.ws.webcontainer40.osgi.webapp.factory.WebAppFactory40Impl@6c10d47f
      serialVersionUID = 8172918271897210367
      $$$tc$$$ = class com.ibm.websphere.ras.TraceComponent@3028f6b3
    requestFactory = class com.ibm.ws.webcontainer40.osgi.response.factory.IRequestResponseFactory40Impl@51fbc1f1
      serialVersionUID = 3336627925143380461
      $$$tc$$$ = class com.ibm.websphere.ras.TraceComponent@5cbf6d2f
    responseFactory = class com.ibm.ws.webcontainer40.osgi.response.factory.IRequestResponseFactory40Impl@51fbc1f1
    asyncContextFactory = class com.ibm.ws.webcontainer40.async.factory.AsyncContextFactory40Impl@4b4e423b
      serialVersionUID = 2251738312435757516
      $$$tc$$$ = class com.ibm.websphere.ras.TraceComponent@5f7c3e27
    DEFAULT_MAX_VERSION = 30
    versionRef = class org.eclipse.osgi.internal.serviceregistry.ServiceReferenceImpl@328704dc
      registration = class org.eclipse.osgi.internal.serviceregistry.ServiceRegistrationImpl@3ed123e8
    serverStopping = false
    modulesStarting = class java.util.concurrent.atomic.AtomicInteger@3d7caf34
      serialVersionUID = "/* Could not access serialVersionUID */"
      U = "/* Could not access U */"
      VALUE = "/* Could not access VALUE */"
      value = "/* Could not access value */"
      serialVersionUID = "/* Could not access serialVersionUID */"
    uriMatcherFactory = class com.ibm.wsspi.webcontainer40.util.factory.URIMatcherFactory40Impl@49a7d3a
      serialVersionUID = 4507504838389585711
      $$$tc$$$ = class com.ibm.websphere.ras.TraceComponent@4224fd2c
    SPEC_LEVEL_UNLOADED = -1
    SPEC_LEVEL_30 = 30
    SPEC_LEVEL_31 = 31
    SPEC_LEVEL_40 = 40
    SPEC_LEVEL_50 = 50
    DEFAULT_SPEC_LEVEL = 30
    loadedContainerSpecLevel = 40
    ISO = "ISO-8859-1"
    encoding = "UTF-8"
    decode = true
    wcconfig = class com.ibm.ws.webcontainer.osgi.WebContainerConfiguration@22c7c7a8
      properties = class org.apache.felix.scr.impl.helper.ReadOnlyDictionary@59e8ecc5
      CFG_KEY_ENFORCE_SEC = "enforce.security"
      logger = class com.ibm.ws.logging.internal.WsLogger@e6cf860
      CLASS_NAME = "com.ibm.ws.webcontainer.WebContainerConfiguration"
      _localeProps = null
      _jvmProps = null
      enableServletCaching = false
      defaultVirtualHostName = "default_host"
      ardEnabled = false
      ardIncludeTimeout = 0
      poolingDisabled = false
      maximumExpiredEntries = 0
      maximumResponseStoreSize = 0
      useAsyncRunnableWorkManager = false
      asyncRunnableWorkManagerName = null
      numAsyncTimerThreads = 2
      defaultAsyncServletTimeout = 30000
    applicationListeners = class java.util.ArrayList@7a9ad9cb
      serialVersionUID = "/* Could not access serialVersionUID */"
      DEFAULT_CAPACITY = "/* Could not access DEFAULT_CAPACITY */"
      EMPTY_ELEMENTDATA = "/* Could not access EMPTY_ELEMENTDATA */"
      DEFAULTCAPACITY_EMPTY_ELEMENTDATA = "/* Could not access DEFAULTCAPACITY_EMPTY_ELEMENTDATA */"
      elementData = "/* Could not access elementData */"
      size = "/* Could not access size */"
      MAX_ARRAY_SIZE = "/* Could not access MAX_ARRAY_SIZE */"
      modCount = "/* Could not access modCount */"
      MAX_ARRAY_SIZE = "/* Could not access MAX_ARRAY_SIZE */"
    servletListeners = class java.util.ArrayList@2d3e180f
      serialVersionUID = "/* Could not access serialVersionUID */"
      DEFAULT_CAPACITY = "/* Could not access DEFAULT_CAPACITY */"
      EMPTY_ELEMENTDATA = "/* Could not access EMPTY_ELEMENTDATA */"
      DEFAULTCAPACITY_EMPTY_ELEMENTDATA = "/* Could not access DEFAULTCAPACITY_EMPTY_ELEMENTDATA */"
      elementData = "/* Could not access elementData */"
      size = "/* Could not access size */"
      MAX_ARRAY_SIZE = "/* Could not access MAX_ARRAY_SIZE */"
      modCount = "/* Could not access modCount */"
      MAX_ARRAY_SIZE = "/* Could not access MAX_ARRAY_SIZE */"
    servletErrorListeners = class java.util.ArrayList@61a222ca
      serialVersionUID = "/* Could not access serialVersionUID */"
      DEFAULT_CAPACITY = "/* Could not access DEFAULT_CAPACITY */"
      EMPTY_ELEMENTDATA = "/* Could not access EMPTY_ELEMENTDATA */"
      DEFAULTCAPACITY_EMPTY_ELEMENTDATA = "/* Could not access DEFAULTCAPACITY_EMPTY_ELEMENTDATA */"
      elementData = "/* Could not access elementData */"
      size = "/* Could not access size */"
      MAX_ARRAY_SIZE = "/* Could not access MAX_ARRAY_SIZE */"
      modCount = "/* Could not access modCount */"
      MAX_ARRAY_SIZE = "/* Could not access MAX_ARRAY_SIZE */"
    servletInvocationListeners = class java.util.ArrayList@7dc453d1
      serialVersionUID = "/* Could not access serialVersionUID */"
      DEFAULT_CAPACITY = "/* Could not access DEFAULT_CAPACITY */"
      EMPTY_ELEMENTDATA = "/* Could not access EMPTY_ELEMENTDATA */"
      DEFAULTCAPACITY_EMPTY_ELEMENTDATA = "/* Could not access DEFAULTCAPACITY_EMPTY_ELEMENTDATA */"
      elementData = "/* Could not access elementData */"
      size = "/* Could not access size */"
      MAX_ARRAY_SIZE = "/* Could not access MAX_ARRAY_SIZE */"
      modCount = "/* Could not access modCount */"
      MAX_ARRAY_SIZE = "/* Could not access MAX_ARRAY_SIZE */"
    filterInvocationListeners = class java.util.ArrayList@51bc9923
      serialVersionUID = "/* Could not access serialVersionUID */"
      DEFAULT_CAPACITY = "/* Could not access DEFAULT_CAPACITY */"
      EMPTY_ELEMENTDATA = "/* Could not access EMPTY_ELEMENTDATA */"
      DEFAULTCAPACITY_EMPTY_ELEMENTDATA = "/* Could not access DEFAULTCAPACITY_EMPTY_ELEMENTDATA */"
      elementData = "/* Could not access elementData */"
      size = "/* Could not access size */"
      MAX_ARRAY_SIZE = "/* Could not access MAX_ARRAY_SIZE */"
      modCount = "/* Could not access modCount */"
      MAX_ARRAY_SIZE = "/* Could not access MAX_ARRAY_SIZE */"
    filterErrorListeners = class java.util.ArrayList@c9f1d7b
      serialVersionUID = "/* Could not access serialVersionUID */"
      DEFAULT_CAPACITY = "/* Could not access DEFAULT_CAPACITY */"
      EMPTY_ELEMENTDATA = "/* Could not access EMPTY_ELEMENTDATA */"
      DEFAULTCAPACITY_EMPTY_ELEMENTDATA = "/* Could not access DEFAULTCAPACITY_EMPTY_ELEMENTDATA */"
      elementData = "/* Could not access elementData */"
      size = "/* Could not access size */"
      MAX_ARRAY_SIZE = "/* Could not access MAX_ARRAY_SIZE */"
      modCount = "/* Could not access modCount */"
      MAX_ARRAY_SIZE = "/* Could not access MAX_ARRAY_SIZE */"
    filterListeners = class java.util.ArrayList@7c5bda50
      serialVersionUID = "/* Could not access serialVersionUID */"
      DEFAULT_CAPACITY = "/* Could not access DEFAULT_CAPACITY */"
      EMPTY_ELEMENTDATA = "/* Could not access EMPTY_ELEMENTDATA */"
      DEFAULTCAPACITY_EMPTY_ELEMENTDATA = "/* Could not access DEFAULTCAPACITY_EMPTY_ELEMENTDATA */"
      elementData = "/* Could not access elementData */"
      size = "/* Could not access size */"
      MAX_ARRAY_SIZE = "/* Could not access MAX_ARRAY_SIZE */"
      modCount = "/* Could not access modCount */"
      MAX_ARRAY_SIZE = "/* Could not access MAX_ARRAY_SIZE */"
    servletRequestListeners = class java.util.ArrayList@23de54d1
      serialVersionUID = "/* Could not access serialVersionUID */"
      DEFAULT_CAPACITY = "/* Could not access DEFAULT_CAPACITY */"
      EMPTY_ELEMENTDATA = "/* Could not access EMPTY_ELEMENTDATA */"
      DEFAULTCAPACITY_EMPTY_ELEMENTDATA = "/* Could not access DEFAULTCAPACITY_EMPTY_ELEMENTDATA */"
      elementData = "/* Could not access elementData */"
      size = "/* Could not access size */"
      MAX_ARRAY_SIZE = "/* Could not access MAX_ARRAY_SIZE */"
      modCount = "/* Could not access modCount */"
      MAX_ARRAY_SIZE = "/* Could not access MAX_ARRAY_SIZE */"
    servletRequestAttributeListeners = class java.util.ArrayList@169eb408
      serialVersionUID = "/* Could not access serialVersionUID */"
      DEFAULT_CAPACITY = "/* Could not access DEFAULT_CAPACITY */"
      EMPTY_ELEMENTDATA = "/* Could not access EMPTY_ELEMENTDATA */"
      DEFAULTCAPACITY_EMPTY_ELEMENTDATA = "/* Could not access DEFAULTCAPACITY_EMPTY_ELEMENTDATA */"
      elementData = "/* Could not access elementData */"
      size = "/* Could not access size */"
      MAX_ARRAY_SIZE = "/* Could not access MAX_ARRAY_SIZE */"
      modCount = "/* Could not access modCount */"
      MAX_ARRAY_SIZE = "/* Could not access MAX_ARRAY_SIZE */"
    servletContextListeners = class java.util.ArrayList@621e1765
      serialVersionUID = "/* Could not access serialVersionUID */"
      DEFAULT_CAPACITY = "/* Could not access DEFAULT_CAPACITY */"
      EMPTY_ELEMENTDATA = "/* Could not access EMPTY_ELEMENTDATA */"
      DEFAULTCAPACITY_EMPTY_ELEMENTDATA = "/* Could not access DEFAULTCAPACITY_EMPTY_ELEMENTDATA */"
      elementData = "/* Could not access elementData */"
      size = "/* Could not access size */"
      MAX_ARRAY_SIZE = "/* Could not access MAX_ARRAY_SIZE */"
      modCount = "/* Could not access modCount */"
      MAX_ARRAY_SIZE = "/* Could not access MAX_ARRAY_SIZE */"
    servletContextAttributeListeners = class java.util.ArrayList@4035c82c
      serialVersionUID = "/* Could not access serialVersionUID */"
      DEFAULT_CAPACITY = "/* Could not access DEFAULT_CAPACITY */"
      EMPTY_ELEMENTDATA = "/* Could not access EMPTY_ELEMENTDATA */"
      DEFAULTCAPACITY_EMPTY_ELEMENTDATA = "/* Could not access DEFAULTCAPACITY_EMPTY_ELEMENTDATA */"
      elementData = "/* Could not access elementData */"
      size = "/* Could not access size */"
      MAX_ARRAY_SIZE = "/* Could not access MAX_ARRAY_SIZE */"
      modCount = "/* Could not access modCount */"
      MAX_ARRAY_SIZE = "/* Could not access MAX_ARRAY_SIZE */"
    sessionListeners = class java.util.ArrayList@111c7427
      serialVersionUID = "/* Could not access serialVersionUID */"
      DEFAULT_CAPACITY = "/* Could not access DEFAULT_CAPACITY */"
      EMPTY_ELEMENTDATA = "/* Could not access EMPTY_ELEMENTDATA */"
      DEFAULTCAPACITY_EMPTY_ELEMENTDATA = "/* Could not access DEFAULTCAPACITY_EMPTY_ELEMENTDATA */"
      elementData = "/* Could not access elementData */"
      size = "/* Could not access size */"
      MAX_ARRAY_SIZE = "/* Could not access MAX_ARRAY_SIZE */"
      modCount = "/* Could not access modCount */"
      MAX_ARRAY_SIZE = "/* Could not access MAX_ARRAY_SIZE */"
    sessionIdListeners = class java.util.ArrayList@7241acf8
      serialVersionUID = "/* Could not access serialVersionUID */"
      DEFAULT_CAPACITY = "/* Could not access DEFAULT_CAPACITY */"
      EMPTY_ELEMENTDATA = "/* Could not access EMPTY_ELEMENTDATA */"
      DEFAULTCAPACITY_EMPTY_ELEMENTDATA = "/* Could not access DEFAULTCAPACITY_EMPTY_ELEMENTDATA */"
      elementData = "/* Could not access elementData */"
      size = "/* Could not access size */"
      MAX_ARRAY_SIZE = "/* Could not access MAX_ARRAY_SIZE */"
      modCount = "/* Could not access modCount */"
      MAX_ARRAY_SIZE = "/* Could not access MAX_ARRAY_SIZE */"
    sessionAttributeListeners = class java.util.ArrayList@607628ea
      serialVersionUID = "/* Could not access serialVersionUID */"
      DEFAULT_CAPACITY = "/* Could not access DEFAULT_CAPACITY */"
      EMPTY_ELEMENTDATA = "/* Could not access EMPTY_ELEMENTDATA */"
      DEFAULTCAPACITY_EMPTY_ELEMENTDATA = "/* Could not access DEFAULTCAPACITY_EMPTY_ELEMENTDATA */"
      elementData = "/* Could not access elementData */"
      size = "/* Could not access size */"
      MAX_ARRAY_SIZE = "/* Could not access MAX_ARRAY_SIZE */"
      modCount = "/* Could not access modCount */"
      MAX_ARRAY_SIZE = "/* Could not access MAX_ARRAY_SIZE */"
    DEFAULT_HOST = "default_host"
    _initialized = true
    logger = class com.ibm.ws.logging.internal.WsLogger@e6cf860
      ivCachedResourceBundleName = "com.ibm.ws.webcontainer.resources.Messages"
      ivCachedResourceBundle = class com.ibm.ws.webcontainer.resources.Messages_pt_BR@77046f
      ivComponent = null
      ivOrganization = null
      ivProduct = null
      ivMinimumLocalizationLevelIntValue = 625
      ivTC = class com.ibm.websphere.ras.TraceComponent@479b7924
      loggerRegistrationComponent = class java.lang.ThreadLocal@17a01155
      emptyHandlers = "/* Could not access emptyHandlers */"
      offValue = "/* Could not access offValue */"
      SYSTEM_LOGGER_RB_NAME = "/* Could not access SYSTEM_LOGGER_RB_NAME */"
      SYSTEM_BUNDLE = "/* Could not access SYSTEM_BUNDLE */"
      NO_RESOURCE_BUNDLE = "/* Could not access NO_RESOURCE_BUNDLE */"
      config = "/* Could not access config */"
      manager = "/* Could not access manager */"
      name = "/* Could not access name */"
      loggerBundle = "/* Could not access loggerBundle */"
      anonymous = "/* Could not access anonymous */"
      catalog = "/* Could not access catalog */"
      catalogName = "/* Could not access catalogName */"
      catalogLocale = "/* Could not access catalogLocale */"
      treeLock = "/* Could not access treeLock */"
      parent = "/* Could not access parent */"
      kids = "/* Could not access kids */"
      callerModuleRef = "/* Could not access callerModuleRef */"
      isSystemLogger = "/* Could not access isSystemLogger */"
      GLOBAL_LOGGER_NAME = "global"
      global = class java.util.logging.Logger@427a6604
    CLASS_NAME = "com.ibm.ws.webcontainer.internal.WebContainer"
    nls = class com.ibm.ejs.ras.TraceNLS@7ca308c6
      resolver = class com.ibm.ws.logging.internal.TraceNLSResolver@551c2c47
      finder = class com.ibm.ws.logging.internal.StackFinder@65e6e775
      ivBundleName = "com.ibm.ws.webcontainer.resources.Messages"
      caller = class java.lang.Class@39752629
    self = class java.util.concurrent.atomic.AtomicReference@37a4dc6
      serialVersionUID = "/* Could not access serialVersionUID */"
      VALUE = "/* Could not access VALUE */"
      value = "/* Could not access value */"
    selfInit = class java.util.concurrent.CountDownLatch@529a143b
      sync = "/* Could not access sync */"
    _cipherToBit = class java.util.HashMap@3b5c49f0
      serialVersionUID = "/* Could not access serialVersionUID */"
      DEFAULT_INITIAL_CAPACITY = "/* Could not access DEFAULT_INITIAL_CAPACITY */"
      MAXIMUM_CAPACITY = "/* Could not access MAXIMUM_CAPACITY */"
      DEFAULT_LOAD_FACTOR = "/* Could not access DEFAULT_LOAD_FACTOR */"
      TREEIFY_THRESHOLD = "/* Could not access TREEIFY_THRESHOLD */"
      UNTREEIFY_THRESHOLD = "/* Could not access UNTREEIFY_THRESHOLD */"
      MIN_TREEIFY_CAPACITY = "/* Could not access MIN_TREEIFY_CAPACITY */"
      table = "/* Could not access table */"
      entrySet = "/* Could not access entrySet */"
      size = "/* Could not access size */"
      modCount = "/* Could not access modCount */"
      threshold = "/* Could not access threshold */"
      loadFactor = "/* Could not access loadFactor */"
      keySet = "/* Could not access keySet */"
      values = "/* Could not access values */"
    cacheKeyStringBuilder = class com.ibm.ws.util.WSThreadLocal@5fdd9365
      tc = class com.ibm.ejs.ras.TraceComponent@2722a03e
      count = 8
      index = 2
      SUSPECTED_MISUSAGE_THRESHOLD = 200
      threadLocalHashCode = "/* Could not access threadLocalHashCode */"
      nextHashCode = "/* Could not access nextHashCode */"
      HASH_INCREMENT = "/* Could not access HASH_INCREMENT */"
    listenersInitialized = true
    webConProperties = class java.util.Properties@e98f125
      serialVersionUID = "/* Could not access serialVersionUID */"
      UNSAFE = "/* Could not access UNSAFE */"
      defaults = "/* Could not access defaults */"
      map = "/* Could not access map */"
      hexDigit = "/* Could not access hexDigit */"
      table = "/* Could not access table */"
      count = "/* Could not access count */"
      threshold = "/* Could not access threshold */"
      loadFactor = "/* Could not access loadFactor */"
      modCount = "/* Could not access modCount */"
      serialVersionUID = "/* Could not access serialVersionUID */"
      MAX_ARRAY_SIZE = "/* Could not access MAX_ARRAY_SIZE */"
      keySet = "/* Could not access keySet */"
      entrySet = "/* Could not access entrySet */"
      values = "/* Could not access values */"
      KEYS = "/* Could not access KEYS */"
      VALUES = "/* Could not access VALUES */"
      ENTRIES = "/* Could not access ENTRIES */"
    sessionRegistry = null
    isStopped = false
    readWriteLockForStopping = class java.util.concurrent.locks.ReentrantReadWriteLock@c210701
      serialVersionUID = "/* Could not access serialVersionUID */"
      readerLock = "/* Could not access readerLock */"
      writerLock = "/* Could not access writerLock */"
      sync = "/* Could not access sync */"
    urlPrefix = ";jsessionid="
    extensionFactories = class java.util.ArrayList@55ebccbc
      serialVersionUID = "/* Could not access serialVersionUID */"
      DEFAULT_CAPACITY = "/* Could not access DEFAULT_CAPACITY */"
      EMPTY_ELEMENTDATA = "/* Could not access EMPTY_ELEMENTDATA */"
      DEFAULTCAPACITY_EMPTY_ELEMENTDATA = "/* Could not access DEFAULTCAPACITY_EMPTY_ELEMENTDATA */"
      elementData = "/* Could not access elementData */"
      size = "/* Could not access size */"
      MAX_ARRAY_SIZE = "/* Could not access MAX_ARRAY_SIZE */"
      modCount = "/* Could not access modCount */"
      MAX_ARRAY_SIZE = "/* Could not access MAX_ARRAY_SIZE */"
    postInitExtensionFactories = null
    httpResponseListeners = class java.util.ArrayList@661e3bdf
      serialVersionUID = "/* Could not access serialVersionUID */"
      DEFAULT_CAPACITY = "/* Could not access DEFAULT_CAPACITY */"
      EMPTY_ELEMENTDATA = "/* Could not access EMPTY_ELEMENTDATA */"
      DEFAULTCAPACITY_EMPTY_ELEMENTDATA = "/* Could not access DEFAULTCAPACITY_EMPTY_ELEMENTDATA */"
      elementData = "/* Could not access elementData */"
      size = "/* Could not access size */"
      MAX_ARRAY_SIZE = "/* Could not access MAX_ARRAY_SIZE */"
      modCount = "/* Could not access modCount */"
      MAX_ARRAY_SIZE = "/* Could not access MAX_ARRAY_SIZE */"
    servletContainerInitializers = class java.util.ServiceLoader@2fc6efe0
      service = "/* Could not access service */"
      serviceName = "/* Could not access serviceName */"
      layer = "/* Could not access layer */"
      loader = "/* Could not access loader */"
      acc = "/* Could not access acc */"
      lookupIterator1 = "/* Could not access lookupIterator1 */"
      instantiatedProviders = "/* Could not access instantiatedProviders */"
      lookupIterator2 = "/* Could not access lookupIterator2 */"
      loadedProviders = "/* Could not access loadedProviders */"
      loadedAllProviders = "/* Could not access loadedAllProviders */"
      reloadCount = "/* Could not access reloadCount */"
      LANG_ACCESS = "/* Could not access LANG_ACCESS */"
      $assertionsDisabled = "/* Could not access $assertionsDisabled */"
    auditManager = class com.ibm.websphere.security.audit.context.AuditManager@2b5bfc16
      threadLocal = class com.ibm.websphere.security.audit.context.AuditManager$AuditThreadLocal@11dd0d44
      serialVersionUID = 8297158904878279977
      $$$tc$$$ = class com.ibm.websphere.ras.TraceComponent@5ecc7082
    invocationCacheSize = 500
    _cacheMap = class java.util.concurrent.ConcurrentHashMap@20de4bed
      serialVersionUID = "/* Could not access serialVersionUID */"
      MAXIMUM_CAPACITY = "/* Could not access MAXIMUM_CAPACITY */"
      DEFAULT_CAPACITY = "/* Could not access DEFAULT_CAPACITY */"
      MAX_ARRAY_SIZE = "/* Could not access MAX_ARRAY_SIZE */"
      DEFAULT_CONCURRENCY_LEVEL = "/* Could not access DEFAULT_CONCURRENCY_LEVEL */"
      LOAD_FACTOR = "/* Could not access LOAD_FACTOR */"
      TREEIFY_THRESHOLD = "/* Could not access TREEIFY_THRESHOLD */"
      UNTREEIFY_THRESHOLD = "/* Could not access UNTREEIFY_THRESHOLD */"
      MIN_TREEIFY_CAPACITY = "/* Could not access MIN_TREEIFY_CAPACITY */"
      MIN_TRANSFER_STRIDE = "/* Could not access MIN_TRANSFER_STRIDE */"
      RESIZE_STAMP_BITS = "/* Could not access RESIZE_STAMP_BITS */"
      MAX_RESIZERS = "/* Could not access MAX_RESIZERS */"
      RESIZE_STAMP_SHIFT = "/* Could not access RESIZE_STAMP_SHIFT */"
      MOVED = "/* Could not access MOVED */"
      TREEBIN = "/* Could not access TREEBIN */"
      RESERVED = "/* Could not access RESERVED */"
      HASH_BITS = "/* Could not access HASH_BITS */"
      NCPU = "/* Could not access NCPU */"
      serialPersistentFields = "/* Could not access serialPersistentFields */"
      table = "/* Could not access table */"
      nextTable = "/* Could not access nextTable */"
      baseCount = "/* Could not access baseCount */"
      sizeCtl = "/* Could not access sizeCtl */"
      transferIndex = "/* Could not access transferIndex */"
      cellsBusy = "/* Could not access cellsBusy */"
      counterCells = "/* Could not access counterCells */"
      keySet = "/* Could not access keySet */"
      values = "/* Could not access values */"
      entrySet = "/* Could not access entrySet */"
      U = "/* Could not access U */"
      SIZECTL = "/* Could not access SIZECTL */"
      TRANSFERINDEX = "/* Could not access TRANSFERINDEX */"
      BASECOUNT = "/* Could not access BASECOUNT */"
      CELLSBUSY = "/* Could not access CELLSBUSY */"
      CELLVALUE = "/* Could not access CELLVALUE */"
      ABASE = "/* Could not access ABASE */"
      ASHIFT = "/* Could not access ASHIFT */"
      keySet = "/* Could not access keySet */"
      values = "/* Could not access values */"
    _cacheSize = class java.util.concurrent.atomic.AtomicInteger@37095cea
      serialVersionUID = "/* Could not access serialVersionUID */"
      U = "/* Could not access U */"
      VALUE = "/* Could not access VALUE */"
      value = "/* Could not access value */"
      serialVersionUID = "/* Could not access serialVersionUID */"
    vHostCompatFlag = false
    platformHelper = class com.ibm.ws.webcontainer.PlatformHelper@2fa81c04
    isDefaultTempDir = true
    tempDir = null
    servletCachingInitNeeded = true
    appInstallBegun = true
    cacheServletWrapperFactory = class com.ibm.ws.webcontainer40.servlet.factory.CacheServletWrapperFactory40Impl@5b67feab
      serialVersionUID = 6641793567262460833
      $$$tc$$$ = class com.ibm.websphere.ras.TraceComponent@2de50cb0
    commands = class java.util.ArrayList@9b44709
      serialVersionUID = "/* Could not access serialVersionUID */"
      DEFAULT_CAPACITY = "/* Could not access DEFAULT_CAPACITY */"
      EMPTY_ELEMENTDATA = "/* Could not access EMPTY_ELEMENTDATA */"
      DEFAULTCAPACITY_EMPTY_ELEMENTDATA = "/* Could not access DEFAULTCAPACITY_EMPTY_ELEMENTDATA */"
      elementData = "/* Could not access elementData */"
      size = "/* Could not access size */"
      MAX_ARRAY_SIZE = "/* Could not access MAX_ARRAY_SIZE */"
      modCount = "/* Could not access modCount */"
      MAX_ARRAY_SIZE = "/* Could not access MAX_ARRAY_SIZE */"
    requestMapper = class com.ibm.ws.webcontainer.util.VirtualHostContextRootMapper@74a7b4d9
      cachedMappers = class java.util.Collections$SynchronizedMap@a7b21d8
      nls = class com.ibm.ejs.ras.TraceNLS@bbfa672
      logger = class com.ibm.ws.logging.internal.WsLogger@3c06fd72
      CLASS_NAME = "com.ibm.ws.webcontainer.util.VirtualHostContextRootMapper"
      CLASSNAME = "com.ibm.ws.util.VirtualHostMapper"
      tc = class com.ibm.ejs.ras.TraceComponent@792a4dee
      vHostTable = class java.util.concurrent.ConcurrentHashMap@500476ae
    parent = null
    name = "Was.webcontainer"
    isAlive = true
    subElements = class java.util.HashMap@1b00ce75
      serialVersionUID = "/* Could not access serialVersionUID */"
      DEFAULT_INITIAL_CAPACITY = "/* Could not access DEFAULT_INITIAL_CAPACITY */"
      MAXIMUM_CAPACITY = "/* Could not access MAXIMUM_CAPACITY */"
      DEFAULT_LOAD_FACTOR = "/* Could not access DEFAULT_LOAD_FACTOR */"
      TREEIFY_THRESHOLD = "/* Could not access TREEIFY_THRESHOLD */"
      UNTREEIFY_THRESHOLD = "/* Could not access UNTREEIFY_THRESHOLD */"
      MIN_TREEIFY_CAPACITY = "/* Could not access MIN_TREEIFY_CAPACITY */"
      table = "/* Could not access table */"
      entrySet = "/* Could not access entrySet */"
      size = "/* Could not access size */"
      modCount = "/* Could not access modCount */"
      threshold = "/* Could not access threshold */"
      loadFactor = "/* Could not access loadFactor */"
      keySet = "/* Could not access keySet */"
      values = "/* Could not access values */"
    attributes = null
    config = null
    serialVersionUID = -8271459000149267764
    $$$tc$$$ = class com.ibm.websphere.ras.TraceComponent@6ec7df86
      strings[0] = "TraceComponent[com.ibm.ws.container.AbstractContainer,class com.ibm.ws.container.AbstractContainer,[],null,null]"

